# JRE version: Java(TM) SE Runtime Environment (8.0_111-b14) (build 1.8.0_111-b14)
# Java VM: Java HotSpot(TM) 64-Bit Server VM (25.111-b14 mixed mode windows-amd64 compressed oops)
Heap:
 PSYoungGen      total 117760K, used 52723K [0x00000000d6200000, 0x00000000e2100000, 0x0000000100000000)
  eden space 109056K, 48% used [0x00000000d6200000,0x00000000d957cd48,0x00000000dcc80000)
  from space 8704K, 0% used [0x00000000dcc80000,0x00000000dcc80000,0x00000000dd500000)
  to   space 12288K, 0% used [0x00000000e1500000,0x00000000e1500000,0x00000000e2100000)
 ParOldGen       total 50176K, used 17924K [0x0000000082600000, 0x0000000085700000, 0x00000000d6200000)
  object space 50176K, 35% used [0x0000000082600000,0x0000000083781108,0x0000000085700000)
 Metaspace       used 35232K, capacity 36868K, committed 37208K, reserved 1081344K
  class space    used 4561K, capacity 4872K, committed 4992K, reserved 1048576K
GC Heap History (10 events):
Event: 2.537 GC heap before
{Heap before GC invocations=5 (full 1):
 PSYoungGen      total 70656K, used 5116K [0x00000000d6200000, 0x00000000dac00000, 0x0000000100000000)
  eden space 65536K, 0% used [0x00000000d6200000,0x00000000d6200000,0x00000000da200000)
  from space 5120K, 99% used [0x00000000da700000,0x00000000dabff158,0x00000000dac00000)
  to   space 5120K, 0% used [0x00000000da200000,0x00000000da200000,0x00000000da700000)
 ParOldGen       total 86016K, used 3932K [0x0000000082600000, 0x0000000087a00000, 0x00000000d6200000)
  object space 86016K, 4% used [0x0000000082600000,0x00000000829d72b0,0x0000000087a00000)
 Metaspace       used 20603K, capacity 21160K, committed 21248K, reserved 1067008K
  class space    used 2662K, capacity 2810K, committed 2816K, reserved 1048576K
Event: 2.574 GC heap after
Heap after GC invocations=5 (full 1):
 PSYoungGen      total 70656K, used 0K [0x00000000d6200000, 0x00000000dac00000, 0x0000000100000000)
  eden space 65536K, 0% used [0x00000000d6200000,0x00000000d6200000,0x00000000da200000)
  from space 5120K, 0% used [0x00000000da700000,0x00000000da700000,0x00000000dac00000)
  to   space 5120K, 0% used [0x00000000da200000,0x00000000da200000,0x00000000da700000)
 ParOldGen       total 50176K, used 5547K [0x0000000082600000, 0x0000000085700000, 0x00000000d6200000)
  object space 50176K, 11% used [0x0000000082600000,0x0000000082b6ad30,0x0000000085700000)
 Metaspace       used 20603K, capacity 21160K, committed 21248K, reserved 1067008K
  class space    used 2662K, capacity 2810K, committed 2816K, reserved 1048576K
}
Event: 3.429 GC heap before
{Heap before GC invocations=6 (full 1):
 PSYoungGen      total 70656K, used 65503K [0x00000000d6200000, 0x00000000dac00000, 0x0000000100000000)
  eden space 65536K, 99% used [0x00000000d6200000,0x00000000da1f7f18,0x00000000da200000)
  from space 5120K, 0% used [0x00000000da700000,0x00000000da700000,0x00000000dac00000)
  to   space 5120K, 0% used [0x00000000da200000,0x00000000da200000,0x00000000da700000)
 ParOldGen       total 50176K, used 5547K [0x0000000082600000, 0x0000000085700000, 0x00000000d6200000)
  object space 50176K, 11% used [0x0000000082600000,0x0000000082b6ad30,0x0000000085700000)
 Metaspace       used 25298K, capacity 26040K, committed 26240K, reserved 1073152K
  class space    used 3241K, capacity 3440K, committed 3456K, reserved 1048576K
Event: 3.436 GC heap after
Heap after GC invocations=6 (full 1):
 PSYoungGen      total 70656K, used 5096K [0x00000000d6200000, 0x00000000ddd80000, 0x0000000100000000)
  eden space 65536K, 0% used [0x00000000d6200000,0x00000000d6200000,0x00000000da200000)
  from space 5120K, 99% used [0x00000000da200000,0x00000000da6fa1e0,0x00000000da700000)
  to   space 8192K, 0% used [0x00000000dd580000,0x00000000dd580000,0x00000000ddd80000)
 ParOldGen       total 50176K, used 6876K [0x0000000082600000, 0x0000000085700000, 0x00000000d6200000)
  object space 50176K, 13% used [0x0000000082600000,0x0000000082cb7008,0x0000000085700000)
 Metaspace       used 25298K, capacity 26040K, committed 26240K, reserved 1073152K
  class space    used 3241K, capacity 3440K, committed 3456K, reserved 1048576K
}
Event: 4.834 GC heap before
{Heap before GC invocations=7 (full 1):
 PSYoungGen      total 70656K, used 70632K [0x00000000d6200000, 0x00000000ddd80000, 0x0000000100000000)
  eden space 65536K, 100% used [0x00000000d6200000,0x00000000da200000,0x00000000da200000)
  from space 5120K, 99% used [0x00000000da200000,0x00000000da6fa1e0,0x00000000da700000)
  to   space 8192K, 0% used [0x00000000dd580000,0x00000000dd580000,0x00000000ddd80000)
 ParOldGen       total 50176K, used 6876K [0x0000000082600000, 0x0000000085700000, 0x00000000d6200000)
  object space 50176K, 13% used [0x0000000082600000,0x0000000082cb7008,0x0000000085700000)
 Metaspace       used 28880K, capacity 29922K, committed 30208K, reserved 1075200K
  class space    used 3736K, capacity 3969K, committed 4096K, reserved 1048576K
Event: 4.845 GC heap after
Heap after GC invocations=7 (full 1):
 PSYoungGen      total 115200K, used 7931K [0x00000000d6200000, 0x00000000ddd80000, 0x0000000100000000)
  eden space 107008K, 0% used [0x00000000d6200000,0x00000000d6200000,0x00000000dca80000)
  from space 8192K, 96% used [0x00000000dd580000,0x00000000ddd3ef08,0x00000000ddd80000)
  to   space 8704K, 0% used [0x00000000dcc80000,0x00000000dcc80000,0x00000000dd500000)
 ParOldGen       total 50176K, used 6948K [0x0000000082600000, 0x0000000085700000, 0x00000000d6200000)
  object space 50176K, 13% used [0x0000000082600000,0x0000000082cc9018,0x0000000085700000)
 Metaspace       used 28880K, capacity 29922K, committed 30208K, reserved 1075200K
  class space    used 3736K, capacity 3969K, committed 4096K, reserved 1048576K
}
Event: 6.232 GC heap before
{Heap before GC invocations=8 (full 1):
 PSYoungGen      total 115200K, used 61369K [0x00000000d6200000, 0x00000000ddd80000, 0x0000000100000000)
  eden space 107008K, 49% used [0x00000000d6200000,0x00000000d962f7d0,0x00000000dca80000)
  from space 8192K, 96% used [0x00000000dd580000,0x00000000ddd3ef08,0x00000000ddd80000)
  to   space 8704K, 0% used [0x00000000dcc80000,0x00000000dcc80000,0x00000000dd500000)
 ParOldGen       total 50176K, used 6948K [0x0000000082600000, 0x0000000085700000, 0x00000000d6200000)
  object space 50176K, 13% used [0x0000000082600000,0x0000000082cc9018,0x0000000085700000)
 Metaspace       used 33806K, capacity 35308K, committed 35416K, reserved 1079296K
  class space    used 4388K, capacity 4686K, committed 4736K, reserved 1048576K
Event: 6.248 GC heap after
Heap after GC invocations=8 (full 1):
 PSYoungGen      total 117760K, used 8680K [0x00000000d6200000, 0x00000000e2100000, 0x0000000100000000)
  eden space 109056K, 0% used [0x00000000d6200000,0x00000000d6200000,0x00000000dcc80000)
  from space 8704K, 99% used [0x00000000dcc80000,0x00000000dd4fa398,0x00000000dd500000)
  to   space 12288K, 0% used [0x00000000e1500000,0x00000000e1500000,0x00000000e2100000)
 ParOldGen       total 50176K, used 12139K [0x0000000082600000, 0x0000000085700000, 0x00000000d6200000)
  object space 50176K, 24% used [0x0000000082600000,0x00000000831daf00,0x0000000085700000)
 Metaspace       used 33806K, capacity 35308K, committed 35416K, reserved 1079296K
  class space    used 4388K, capacity 4686K, committed 4736K, reserved 1048576K
}
Event: 6.248 GC heap before
{Heap before GC invocations=9 (full 2):
 PSYoungGen      total 117760K, used 8680K [0x00000000d6200000, 0x00000000e2100000, 0x0000000100000000)
  eden space 109056K, 0% used [0x00000000d6200000,0x00000000d6200000,0x00000000dcc80000)
  from space 8704K, 99% used [0x00000000dcc80000,0x00000000dd4fa398,0x00000000dd500000)
  to   space 12288K, 0% used [0x00000000e1500000,0x00000000e1500000,0x00000000e2100000)
 ParOldGen       total 50176K, used 12139K [0x0000000082600000, 0x0000000085700000, 0x00000000d6200000)
  object space 50176K, 24% used [0x0000000082600000,0x00000000831daf00,0x0000000085700000)
 Metaspace       used 33806K, capacity 35308K, committed 35416K, reserved 1079296K
  class space    used 4388K, capacity 4686K, committed 4736K, reserved 1048576K
Event: 6.358 GC heap after
Heap after GC invocations=9 (full 2):
 PSYoungGen      total 117760K, used 0K [0x00000000d6200000, 0x00000000e2100000, 0x0000000100000000)
  eden space 109056K, 0% used [0x00000000d6200000,0x00000000d6200000,0x00000000dcc80000)
  from space 8704K, 0% used [0x00000000dcc80000,0x00000000dcc80000,0x00000000dd500000)
  to   space 12288K, 0% used [0x00000000e1500000,0x00000000e1500000,0x00000000e2100000)
 ParOldGen       total 50176K, used 17924K [0x0000000082600000, 0x0000000085700000, 0x00000000d6200000)
  object space 50176K, 35% used [0x0000000082600000,0x0000000083781108,0x0000000085700000)
 Metaspace       used 33806K, capacity 35308K, committed 35416K, reserved 1079296K
  class space    used 4388K, capacity 4686K, committed 4736K, reserved 1048576K
}

