# JRE version: Java(TM) SE Runtime Environment (8.0_111-b14) (build 1.8.0_111-b14)
# Java VM: Java HotSpot(TM) 64-Bit Server VM (25.111-b14 mixed mode windows-amd64 compressed oops)
Heap:
 PSYoungGen      total 64000K, used 54012K [0x00000000d6200000, 0x00000000dc600000, 0x0000000100000000)
  eden space 55296K, 97% used [0x00000000d6200000,0x00000000d96bf3a8,0x00000000d9800000)
  from space 8704K, 0% used [0x00000000d9800000,0x00000000d9800000,0x00000000da080000)
  to   space 11264K, 0% used [0x00000000dbb00000,0x00000000dbb00000,0x00000000dc600000)
 ParOldGen       total 71168K, used 17449K [0x0000000082600000, 0x0000000086b80000, 0x00000000d6200000)
  object space 71168K, 24% used [0x0000000082600000,0x000000008370a6c8,0x0000000086b80000)
 Metaspace       used 35554K, capacity 37246K, committed 37416K, reserved 1081344K
  class space    used 4555K, capacity 4875K, committed 4904K, reserved 1048576K
GC Heap History (10 events):
Event: 19.247 GC heap before
{Heap before GC invocations=7 (full 1):
 PSYoungGen      total 37376K, used 36903K [0x00000000d6200000, 0x00000000d9080000, 0x0000000100000000)
  eden space 32256K, 99% used [0x00000000d6200000,0x00000000d8177db0,0x00000000d8180000)
  from space 5120K, 91% used [0x00000000d8200000,0x00000000d8692090,0x00000000d8700000)
  to   space 7680K, 0% used [0x00000000d8900000,0x00000000d8900000,0x00000000d9080000)
 ParOldGen       total 40960K, used 5772K [0x0000000082600000, 0x0000000084e00000, 0x00000000d6200000)
  object space 40960K, 14% used [0x0000000082600000,0x0000000082ba3120,0x0000000084e00000)
 Metaspace       used 24939K, capacity 25632K, committed 25648K, reserved 1071104K
  class space    used 3194K, capacity 3360K, committed 3376K, reserved 1048576K
Event: 19.256 GC heap after
Heap after GC invocations=7 (full 1):
 PSYoungGen      total 39424K, used 2383K [0x00000000d6200000, 0x00000000da900000, 0x0000000100000000)
  eden space 31744K, 0% used [0x00000000d6200000,0x00000000d6200000,0x00000000d8100000)
  from space 7680K, 31% used [0x00000000d8900000,0x00000000d8b53c90,0x00000000d9080000)
  to   space 8192K, 0% used [0x00000000d8100000,0x00000000d8100000,0x00000000d8900000)
 ParOldGen       total 40960K, used 5780K [0x0000000082600000, 0x0000000084e00000, 0x00000000d6200000)
  object space 40960K, 14% used [0x0000000082600000,0x0000000082ba5120,0x0000000084e00000)
 Metaspace       used 24939K, capacity 25632K, committed 25648K, reserved 1071104K
  class space    used 3194K, capacity 3360K, committed 3376K, reserved 1048576K
}
Event: 20.429 GC heap before
{Heap before GC invocations=8 (full 1):
 PSYoungGen      total 39424K, used 34127K [0x00000000d6200000, 0x00000000da900000, 0x0000000100000000)
  eden space 31744K, 100% used [0x00000000d6200000,0x00000000d8100000,0x00000000d8100000)
  from space 7680K, 31% used [0x00000000d8900000,0x00000000d8b53c90,0x00000000d9080000)
  to   space 8192K, 0% used [0x00000000d8100000,0x00000000d8100000,0x00000000d8900000)
 ParOldGen       total 40960K, used 5780K [0x0000000082600000, 0x0000000084e00000, 0x00000000d6200000)
  object space 40960K, 14% used [0x0000000082600000,0x0000000082ba5120,0x0000000084e00000)
 Metaspace       used 26252K, capacity 27094K, committed 27184K, reserved 1073152K
  class space    used 3346K, capacity 3577K, committed 3632K, reserved 1048576K
Event: 20.446 GC heap after
Heap after GC invocations=8 (full 1):
 PSYoungGen      total 39936K, used 4032K [0x00000000d6200000, 0x00000000da900000, 0x0000000100000000)
  eden space 31744K, 0% used [0x00000000d6200000,0x00000000d6200000,0x00000000d8100000)
  from space 8192K, 49% used [0x00000000d8100000,0x00000000d84f02e8,0x00000000d8900000)
  to   space 8192K, 0% used [0x00000000da100000,0x00000000da100000,0x00000000da900000)
 ParOldGen       total 40960K, used 5852K [0x0000000082600000, 0x0000000084e00000, 0x00000000d6200000)
  object space 40960K, 14% used [0x0000000082600000,0x0000000082bb7130,0x0000000084e00000)
 Metaspace       used 26252K, capacity 27094K, committed 27184K, reserved 1073152K
  class space    used 3346K, capacity 3577K, committed 3632K, reserved 1048576K
}
Event: 22.619 GC heap before
{Heap before GC invocations=9 (full 1):
 PSYoungGen      total 39936K, used 35776K [0x00000000d6200000, 0x00000000da900000, 0x0000000100000000)
  eden space 31744K, 100% used [0x00000000d6200000,0x00000000d8100000,0x00000000d8100000)
  from space 8192K, 49% used [0x00000000d8100000,0x00000000d84f02e8,0x00000000d8900000)
  to   space 8192K, 0% used [0x00000000da100000,0x00000000da100000,0x00000000da900000)
 ParOldGen       total 40960K, used 5852K [0x0000000082600000, 0x0000000084e00000, 0x00000000d6200000)
  object space 40960K, 14% used [0x0000000082600000,0x0000000082bb7130,0x0000000084e00000)
 Metaspace       used 29135K, capacity 30140K, committed 30384K, reserved 1075200K
  class space    used 3743K, capacity 3972K, committed 4016K, reserved 1048576K
Event: 22.629 GC heap after
Heap after GC invocations=9 (full 1):
 PSYoungGen      total 63488K, used 6965K [0x00000000d6200000, 0x00000000da900000, 0x0000000100000000)
  eden space 55296K, 0% used [0x00000000d6200000,0x00000000d6200000,0x00000000d9800000)
  from space 8192K, 85% used [0x00000000da100000,0x00000000da7cd4f0,0x00000000da900000)
  to   space 8704K, 0% used [0x00000000d9800000,0x00000000d9800000,0x00000000da080000)
 ParOldGen       total 40960K, used 5860K [0x0000000082600000, 0x0000000084e00000, 0x00000000d6200000)
  object space 40960K, 14% used [0x0000000082600000,0x0000000082bb9130,0x0000000084e00000)
 Metaspace       used 29135K, capacity 30140K, committed 30384K, reserved 1075200K
  class space    used 3743K, capacity 3972K, committed 4016K, reserved 1048576K
}
Event: 26.055 GC heap before
{Heap before GC invocations=10 (full 1):
 PSYoungGen      total 63488K, used 57351K [0x00000000d6200000, 0x00000000da900000, 0x0000000100000000)
  eden space 55296K, 91% used [0x00000000d6200000,0x00000000d9334910,0x00000000d9800000)
  from space 8192K, 85% used [0x00000000da100000,0x00000000da7cd4f0,0x00000000da900000)
  to   space 8704K, 0% used [0x00000000d9800000,0x00000000d9800000,0x00000000da080000)
 ParOldGen       total 40960K, used 5860K [0x0000000082600000, 0x0000000084e00000, 0x00000000d6200000)
  object space 40960K, 14% used [0x0000000082600000,0x0000000082bb9130,0x0000000084e00000)
 Metaspace       used 33771K, capacity 35342K, committed 35496K, reserved 1079296K
  class space    used 4345K, capacity 4659K, committed 4776K, reserved 1048576K
Event: 26.078 GC heap after
Heap after GC invocations=10 (full 1):
 PSYoungGen      total 64000K, used 8693K [0x00000000d6200000, 0x00000000dc600000, 0x0000000100000000)
  eden space 55296K, 0% used [0x00000000d6200000,0x00000000d6200000,0x00000000d9800000)
  from space 8704K, 99% used [0x00000000d9800000,0x00000000da07d5f0,0x00000000da080000)
  to   space 11264K, 0% used [0x00000000dbb00000,0x00000000dbb00000,0x00000000dc600000)
 ParOldGen       total 40960K, used 10365K [0x0000000082600000, 0x0000000084e00000, 0x00000000d6200000)
  object space 40960K, 25% used [0x0000000082600000,0x000000008301f6a8,0x0000000084e00000)
 Metaspace       used 33771K, capacity 35342K, committed 35496K, reserved 1079296K
  class space    used 4345K, capacity 4659K, committed 4776K, reserved 1048576K
}
Event: 26.079 GC heap before
{Heap before GC invocations=11 (full 2):
 PSYoungGen      total 64000K, used 8693K [0x00000000d6200000, 0x00000000dc600000, 0x0000000100000000)
  eden space 55296K, 0% used [0x00000000d6200000,0x00000000d6200000,0x00000000d9800000)
  from space 8704K, 99% used [0x00000000d9800000,0x00000000da07d5f0,0x00000000da080000)
  to   space 11264K, 0% used [0x00000000dbb00000,0x00000000dbb00000,0x00000000dc600000)
 ParOldGen       total 40960K, used 10365K [0x0000000082600000, 0x0000000084e00000, 0x00000000d6200000)
  object space 40960K, 25% used [0x0000000082600000,0x000000008301f6a8,0x0000000084e00000)
 Metaspace       used 33771K, capacity 35342K, committed 35496K, reserved 1079296K
  class space    used 4345K, capacity 4659K, committed 4776K, reserved 1048576K
Event: 26.211 GC heap after
Heap after GC invocations=11 (full 2):
 PSYoungGen      total 64000K, used 0K [0x00000000d6200000, 0x00000000dc600000, 0x0000000100000000)
  eden space 55296K, 0% used [0x00000000d6200000,0x00000000d6200000,0x00000000d9800000)
  from space 8704K, 0% used [0x00000000d9800000,0x00000000d9800000,0x00000000da080000)
  to   space 11264K, 0% used [0x00000000dbb00000,0x00000000dbb00000,0x00000000dc600000)
 ParOldGen       total 71168K, used 17449K [0x0000000082600000, 0x0000000086b80000, 0x00000000d6200000)
  object space 71168K, 24% used [0x0000000082600000,0x000000008370a6c8,0x0000000086b80000)
 Metaspace       used 33771K, capacity 35342K, committed 35496K, reserved 1079296K
  class space    used 4345K, capacity 4659K, committed 4776K, reserved 1048576K
}

